Drill report for C:\Users\USUARIO\Documents\noname.kicad_pcb
Created on 22/05/2017 17:46:42

Copper Layer Stackup:
    =============================================================
    L1 :  F.Cu                      front
    L2 :  B.Cu                      back


Drill file 'noname.drl' contains
    plated through holes:
    =============================================================
    T1  0,30mm  0,012"  (11 holes)
    T2  0,40mm  0,016"  (143 holes)
    T3  0,50mm  0,020"  (35 holes)
    T4  0,60mm  0,024"  (3 holes)
    T5  0,76mm  0,030"  (7 holes)
    T6  0,80mm  0,031"  (15 holes)
    T7  1,00mm  0,039"  (52 holes)
    T8  1,02mm  0,040"  (55 holes)

    Total plated holes count 321


Drill file 'noname-NPTH.drl' contains
    unplated through holes:
    =============================================================

    Total unplated holes count 0
