Drill report for C:/Users/USUARIO/Documents/GitHub/PCB_FINAL_1/PCB_FINAL_1.kicad_pcb
Created on 22/05/2017 18:06:08

Copper Layer Stackup:
    =============================================================
    L1 :  F.Cu                      front
    L2 :  B.Cu                      back


Drill file 'PCB_FINAL_1.drl' contains
    plated through holes:
    =============================================================
    T1  0,30mm  0,012"  (11 holes)
    T2  0,40mm  0,016"  (143 holes)
    T3  0,50mm  0,020"  (99 holes)
    T4  0,60mm  0,024"  (3 holes)
    T5  0,76mm  0,030"  (7 holes)
    T6  0,80mm  0,031"  (16 holes)
    T7  1,00mm  0,039"  (52 holes)
    T8  1,02mm  0,040"  (55 holes)
    T9  2,50mm  0,098"  (8 holes)

    Total plated holes count 394


Drill file 'PCB_FINAL_1-NPTH.drl' contains
    unplated through holes:
    =============================================================

    Total unplated holes count 0
